<?xml version="1.0" encoding="UTF-8"?>
<!-- Generated by org.testng.reporters.JUnitXMLReporter -->
<testsuite ignored="10" hostname="Gagan" failures="0" tests="6" name="Test" time="146.521" errors="0" timestamp="31 May 2024 12:06:13 GMT">
  <testcase classname="com.flexngate.erp.createthirdpartytest.CreateProposalTest" name="CreateProposalWithSourceTest" time="33.247"/>
  <testcase classname="com.flexngate.erp.createthirdpartytest.CreateThirdParty_ProspectTest" name="createNewThirdPartyAsProspectTest" time="8.205"/>
  <testcase classname="com.flexngate.erp.createthirdpartytest.CreateProspectTest" name="createNewProspectTest" time="3.824"/>
  <testcase classname="com.flexngate.erp.createthirdpartytest.ValidateTheOrderTest" name="ValidateOrderTest" time="4.6"/>
  <testcase classname="com.flexngate.erp.createthirdpartytest.CreateThirdParty_AllInputsTest" name="createNewThirdPartyWithValidInputsTest" time="6.587"/>
  <testcase classname="com.flexngate.erp.createthirdpartytest.CreateThirdParty_CustomerTest" name="CreateNewThirdPartyAsCustomerTest" time="19.083"/>
  <testcase classname="com.comcast.crm.generic.basetest.BaseClass" name="@BeforeSuite configBS" time="0.0">
    <ignored/>
  </testcase> <!-- @BeforeSuite configBS -->
  <testcase classname="com.comcast.crm.generic.basetest.BaseClass" name="@BeforeSuite configBS" time="0.0">
    <ignored/>
  </testcase> <!-- @BeforeSuite configBS -->
  <testcase classname="com.comcast.crm.generic.basetest.BaseClass" name="@BeforeSuite configBS" time="0.0">
    <ignored/>
  </testcase> <!-- @BeforeSuite configBS -->
  <testcase classname="com.comcast.crm.generic.basetest.BaseClass" name="@BeforeSuite configBS" time="0.0">
    <ignored/>
  </testcase> <!-- @BeforeSuite configBS -->
  <testcase classname="com.comcast.crm.generic.basetest.BaseClass" name="@BeforeSuite configBS" time="0.0">
    <ignored/>
  </testcase> <!-- @BeforeSuite configBS -->
  <testcase classname="com.comcast.crm.generic.basetest.BaseClass" name="@AfterSuite configAS" time="0.0">
    <ignored/>
  </testcase> <!-- @AfterSuite configAS -->
  <testcase classname="com.comcast.crm.generic.basetest.BaseClass" name="@AfterSuite configAS" time="0.0">
    <ignored/>
  </testcase> <!-- @AfterSuite configAS -->
  <testcase classname="com.comcast.crm.generic.basetest.BaseClass" name="@AfterSuite configAS" time="0.0">
    <ignored/>
  </testcase> <!-- @AfterSuite configAS -->
  <testcase classname="com.comcast.crm.generic.basetest.BaseClass" name="@AfterSuite configAS" time="0.0">
    <ignored/>
  </testcase> <!-- @AfterSuite configAS -->
  <testcase classname="com.comcast.crm.generic.basetest.BaseClass" name="@AfterSuite configAS" time="0.0">
    <ignored/>
  </testcase> <!-- @AfterSuite configAS -->
</testsuite> <!-- Test -->
